<?xml version="1.0" encoding="UTF-8"?>
<!-- Generated by org.testng.reporters.JUnitReportReporter -->
<testsuite hostname="TEST05" name="zolota.Login" tests="1" failures="0" timestamp="11 Nov 2015 11:39:02 GMT" time="1.444" errors="0">
  <testcase name="testUntitled" time="1.444" classname="zolota.Login"/>
</testsuite> <!-- zolota.Login -->
