<?xml version="1.0" encoding="UTF-8"?>
<!-- Generated by org.testng.reporters.JUnitReportReporter -->
<testsuite hostname="TEST05" name="zolota.AddMovie" tests="2" failures="0" timestamp="10 Nov 2015 16:01:44 GMT" time="16.852" errors="0">
  <testcase name="CreateMovie" time="8.162" classname="zolota.AddMovie"/>
  <testcase name="CreateMovieFail" time="8.690" classname="zolota.AddMovie"/>
</testsuite> <!-- zolota.AddMovie -->
