<?xml version="1.0" encoding="UTF-8"?>
<!-- Generated by org.testng.reporters.JUnitReportReporter -->
<testsuite hostname="TEST05" name="zolota.Poisk" tests="2" failures="0" timestamp="11 Nov 2015 11:39:02 GMT" time="19.856" errors="0">
  <testcase name="MovieNotFound" time="8.982" classname="zolota.Poisk"/>
  <testcase name="MovieFound" time="10.874" classname="zolota.Poisk"/>
</testsuite> <!-- zolota.Poisk -->
