<?xml version="1.0" encoding="UTF-8"?>
<!-- Generated by org.testng.reporters.JUnitReportReporter -->
<testsuite hostname="TEST05" name="zolota.Login" tests="1" failures="0" timestamp="10 Nov 2015 15:26:16 GMT" time="1.838" errors="0">
  <testcase name="testUntitled" time="1.838" classname="zolota.Login"/>
</testsuite> <!-- zolota.Login -->
