<?xml version="1.0" encoding="UTF-8"?>
<!-- Generated by org.testng.reporters.JUnitReportReporter -->
<testsuite hostname="TEST05" name="zolota.AddMovie" tests="2" failures="0" timestamp="10 Nov 2015 15:26:16 GMT" time="10.163" errors="0">
  <testcase name="CreateMovie" time="5.251" classname="zolota.AddMovie"/>
  <testcase name="CreateMovieFail" time="4.912" classname="zolota.AddMovie"/>
</testsuite> <!-- zolota.AddMovie -->
